<?xml version="1.0" encoding="UTF-8"?>
<testng-results ignored="2" total="4" passed="2" failed="0" skipped="0">
  <reporter-output>
    <line>
      <![CDATA[Setup for test suite is started]]>
    </line>
    <line>
      <![CDATA[Setup for test suite is completed]]>
    </line>
    <line>
      <![CDATA[Browser started]]>
    </line>
    <line>
      <![CDATA[Browser opened]]>
    </line>
    <line>
      <![CDATA[Browser is closed]]>
    </line>
    <line>
      <![CDATA[Browser started]]>
    </line>
    <line>
      <![CDATA[Browser opened]]>
    </line>
    <line>
      <![CDATA[Testcase execution started]]>
    </line>
    <line>
      <![CDATA[Browser is closed]]>
    </line>
    <line>
      <![CDATA[Report is generated]]>
    </line>
  </reporter-output>
  <suite started-at="2020-06-17T23:22:05 IST" name="Suite" finished-at="2020-06-17T23:22:52 IST" duration-ms="47430">
    <groups>
    </groups>
    <test started-at="2020-06-17T23:22:05 IST" name="Test" finished-at="2020-06-17T23:22:52 IST" duration-ms="47430">
      <class name="com.learnautomation.testcases.ClickonCheckbox">
        <test-method is-config="true" signature="openBrowser()[pri:0, instance:com.learnautomation.testcases.ClickonCheckbox@45018215]" started-at="2020-06-17T23:22:36 IST" name="openBrowser" finished-at="2020-06-17T23:22:49 IST" duration-ms="12134" status="PASS">
          <reporter-output>
            <line>
              <![CDATA[Browser started]]>
            </line>
            <line>
              <![CDATA[Browser opened]]>
            </line>
          </reporter-output>
        </test-method> <!-- openBrowser -->
        <test-method signature="checkboxTest()[pri:0, instance:com.learnautomation.testcases.ClickonCheckbox@45018215]" started-at="2020-06-17T23:22:49 IST" name="checkboxTest" finished-at="2020-06-17T23:22:51 IST" duration-ms="2468" status="PASS">
          <reporter-output>
            <line>
              <![CDATA[Testcase execution started]]>
            </line>
          </reporter-output>
        </test-method> <!-- checkboxTest -->
        <test-method is-config="true" signature="testResult(org.testng.ITestResult)[pri:0, instance:com.learnautomation.testcases.ClickonCheckbox@45018215]" started-at="2020-06-17T23:22:51 IST" name="testResult" finished-at="2020-06-17T23:22:51 IST" duration-ms="446" status="PASS">
          <params>
            <param index="0">
              <value>
                <![CDATA[[TestResult name=checkboxTest status=SUCCESS method=ClickonCheckbox.checkboxTest()[pri:0, instance:com.learnautomation.testcases.ClickonCheckbox@45018215] output=Testcase execution started]]]>
              </value>
            </param>
          </params>
          <reporter-output>
          </reporter-output>
        </test-method> <!-- testResult -->
        <test-method is-config="true" signature="closeBrowser()[pri:0, instance:com.learnautomation.testcases.ClickonCheckbox@45018215]" started-at="2020-06-17T23:22:51 IST" name="closeBrowser" finished-at="2020-06-17T23:22:52 IST" duration-ms="877" status="PASS">
          <reporter-output>
            <line>
              <![CDATA[Browser is closed]]>
            </line>
          </reporter-output>
        </test-method> <!-- closeBrowser -->
      </class> <!-- com.learnautomation.testcases.ClickonCheckbox -->
      <class name="com.learnautomation.testcases.ClickRadioButtonAndCheckBox">
        <test-method is-config="true" signature="setUp()[pri:0, instance:com.learnautomation.testcases.ClickRadioButtonAndCheckBox@7219ec67]" started-at="2020-06-17T23:22:03 IST" name="setUp" finished-at="2020-06-17T23:22:05 IST" duration-ms="1469" status="PASS">
          <reporter-output>
            <line>
              <![CDATA[Setup for test suite is started]]>
            </line>
            <line>
              <![CDATA[Setup for test suite is completed]]>
            </line>
          </reporter-output>
        </test-method> <!-- setUp -->
        <test-method is-config="true" signature="openBrowser()[pri:0, instance:com.learnautomation.testcases.ClickRadioButtonAndCheckBox@7219ec67]" started-at="2020-06-17T23:22:05 IST" name="openBrowser" finished-at="2020-06-17T23:22:35 IST" duration-ms="29621" status="PASS">
          <reporter-output>
            <line>
              <![CDATA[Browser started]]>
            </line>
            <line>
              <![CDATA[Browser opened]]>
            </line>
          </reporter-output>
        </test-method> <!-- openBrowser -->
        <test-method signature="verifyMaleRadioBtn()[pri:0, instance:com.learnautomation.testcases.ClickRadioButtonAndCheckBox@7219ec67]" started-at="2020-06-17T23:22:35 IST" name="verifyMaleRadioBtn" finished-at="2020-06-17T23:22:35 IST" duration-ms="320" status="PASS">
          <reporter-output>
          </reporter-output>
        </test-method> <!-- verifyMaleRadioBtn -->
        <test-method is-config="true" signature="testResult(org.testng.ITestResult)[pri:0, instance:com.learnautomation.testcases.ClickRadioButtonAndCheckBox@7219ec67]" started-at="2020-06-17T23:22:35 IST" name="testResult" finished-at="2020-06-17T23:22:35 IST" duration-ms="477" status="PASS">
          <params>
            <param index="0">
              <value>
                <![CDATA[[TestResult name=verifyMaleRadioBtn status=SUCCESS method=ClickRadioButtonAndCheckBox.verifyMaleRadioBtn()[pri:0, instance:com.learnautomation.testcases.ClickRadioButtonAndCheckBox@7219ec67] output={null}]]]>
              </value>
            </param>
          </params>
          <reporter-output>
          </reporter-output>
        </test-method> <!-- testResult -->
        <test-method is-config="true" signature="closeBrowser()[pri:0, instance:com.learnautomation.testcases.ClickRadioButtonAndCheckBox@7219ec67]" started-at="2020-06-17T23:22:35 IST" name="closeBrowser" finished-at="2020-06-17T23:22:36 IST" duration-ms="995" status="PASS">
          <reporter-output>
            <line>
              <![CDATA[Browser is closed]]>
            </line>
          </reporter-output>
        </test-method> <!-- closeBrowser -->
        <test-method is-config="true" signature="tearDown()[pri:0, instance:com.learnautomation.testcases.ClickRadioButtonAndCheckBox@7219ec67]" started-at="2020-06-17T23:22:52 IST" name="tearDown" finished-at="2020-06-17T23:22:53 IST" duration-ms="536" status="PASS">
          <reporter-output>
            <line>
              <![CDATA[Report is generated]]>
            </line>
          </reporter-output>
        </test-method> <!-- tearDown -->
      </class> <!-- com.learnautomation.testcases.ClickRadioButtonAndCheckBox -->
    </test> <!-- Test -->
  </suite> <!-- Suite -->
</testng-results>
