<?xml version="1.0" encoding="UTF-8"?>
<!-- Generated by org.testng.reporters.JUnitXMLReporter -->
<testsuite ignored="2" hostname="ICPL12583" failures="0" tests="2" name="Test" time="47.43" errors="0" timestamp="2020-06-17T23:22:52 IST">
  <testcase classname="com.learnautomation.testcases.ClickRadioButtonAndCheckBox" name="verifyMaleRadioBtn" time="0.32"/>
  <testcase classname="com.learnautomation.testcases.ClickonCheckbox" name="checkboxTest" time="2.468"/>
  <testcase classname="com.learnautomation.pages.BaseClass" name="@AfterSuite tearDown" time="0.0">
    <ignored/>
  </testcase> <!-- @AfterSuite tearDown -->
  <testcase classname="com.learnautomation.pages.BaseClass" name="@BeforeSuite setUp" time="0.0">
    <ignored/>
  </testcase> <!-- @BeforeSuite setUp -->
</testsuite> <!-- Test -->
